<?xml version="1.0" encoding="UTF-8" ?>
<testsuite errors="0" failures="0" hostname="DESKTOP-I7MVNV9" name="com.home.junit.CalculatorTest" skipped="0" tests="1" time="0.092" timestamp="2017-05-27T12:51:27">
  <properties>
    <property name="java.vendor" value="Oracle Corporation" />
    <property name="sun.java.launcher" value="SUN_STANDARD" />
    <property name="eclipse.pdebuild.templates" value="/C:/Eclipse - Luna/plugins/org.eclipse.pde.build_3.9.0.v20140415-2029/templates/" />
    <property name="sun.management.compiler" value="HotSpot 64-Bit Tiered Compilers" />
    <property name="os.name" value="Windows 10" />
    <property name="sun.boot.class.path" value="C:\Program Files\Java\jre1.8.0_121\lib\resources.jar;C:\Program Files\Java\jre1.8.0_121\lib\rt.jar;C:\Program Files\Java\jre1.8.0_121\lib\sunrsasign.jar;C:\Program Files\Java\jre1.8.0_121\lib\jsse.jar;C:\Program Files\Java\jre1.8.0_121\lib\jce.jar;C:\Program Files\Java\jre1.8.0_121\lib\charsets.jar;C:\Program Files\Java\jre1.8.0_121\lib\jfr.jar;C:\Program Files\Java\jre1.8.0_121\classes" />
    <property name="sun.desktop" value="windows" />
    <property name="java.vm.specification.vendor" value="Oracle Corporation" />
    <property name="ant.home" value="C:\Eclipse - Luna\plugins\org.apache.ant_1.9.2.v201404171502" />
    <property name="java.runtime.version" value="1.8.0_121-b13" />
    <property name="user.name" value="Thalysson" />
    <property name="build.dir" value="D:\workspace\JenkinsJunit-master\bin" />
    <property name="user.language" value="pt" />
    <property name="test.report.dir" value="D:\workspace\JenkinsJunit-master\testreport" />
    <property name="sun.boot.library.path" value="C:\Program Files\Java\jre1.8.0_121\bin" />
    <property name="ant.project.default-target" value="main" />
    <property name="ant.project.name" value="JUNIT" />
    <property name="java.version" value="1.8.0_121" />
    <property name="user.timezone" value="" />
    <property name="sun.arch.data.model" value="64" />
    <property name="java.endorsed.dirs" value="C:\Program Files\Java\jre1.8.0_121\lib\endorsed" />
    <property name="sun.cpu.isalist" value="amd64" />
    <property name="sun.jnu.encoding" value="Cp1252" />
    <property name="file.encoding.pkg" value="sun.io" />
    <property name="file.separator" value="\" />
    <property name="java.specification.name" value="Java Platform API Specification" />
    <property name="java.class.version" value="52.0" />
    <property name="user.country" value="BR" />
    <property name="java.home" value="C:\Program Files\Java\jre1.8.0_121" />
    <property name="java.vm.info" value="mixed mode" />
    <property name="ant.file" value="D:\workspace\JenkinsJunit-master\build.xml" />
    <property name="os.version" value="10.0" />
    <property name="path.separator" value=";" />
    <property name="java.vm.version" value="25.121-b13" />
    <property name="user.variant" value="" />
    <property name="ant.library.dir" value="C:\Eclipse - Luna\plugins\org.apache.ant_1.9.2.v201404171502\lib" />
    <property name="java.awt.printerjob" value="sun.awt.windows.WPrinterJob" />
    <property name="sun.io.unicode.encoding" value="UnicodeLittle" />
    <property name="ant.file.type.JUNIT" value="file" />
    <property name="awt.toolkit" value="sun.awt.windows.WToolkit" />
    <property name="user.script" value="" />
    <property name="ant.file.JUNIT" value="D:\workspace\JenkinsJunit-master\build.xml" />
    <property name="eclipse.pdebuild.scripts" value="/C:/Eclipse - Luna/plugins/org.eclipse.pde.build_3.9.0.v20140415-2029/scripts/" />
    <property name="user.home" value="C:\Users\Thalysson" />
    <property name="java.specification.vendor" value="Oracle Corporation" />
    <property name="test.dir" value="D:\workspace\JenkinsJunit-master\src" />
    <property name="java.library.path" value="C:\Program Files\Java\jre1.8.0_121\bin;C:\WINDOWS\Sun\Java\bin;C:\WINDOWS\system32;C:\WINDOWS;C:/Program Files/Java/jre1.8.0_121/bin/server;C:/Program Files/Java/jre1.8.0_121/bin;C:/Program Files/Java/jre1.8.0_121/lib/amd64;C:\ProgramData\Oracle\Java\javapath;C:\WINDOWS\system32;C:\WINDOWS;C:\WINDOWS\System32\Wbem;C:\WINDOWS\System32\WindowsPowerShell\v1.0\;C:\Program Files\Java\jdk1.8.0_25\bin;C:\Program Files\Git\cmd;C:\Users\Thalysson\AppData\Local\Microsoft\WindowsApps;;C:\Eclipse - Luna;;." />
    <property name="java.vendor.url" value="http://java.oracle.com/" />
    <property name="java.vm.vendor" value="Oracle Corporation" />
    <property name="java.runtime.name" value="Java(TM) SE Runtime Environment" />
    <property name="sun.java.command" value="org.apache.tools.ant.taskdefs.optional.junit.JUnitTestRunner com.home.junit.CalculatorTest filtertrace=true haltOnError=false haltOnFailure=true formatter=org.apache.tools.ant.taskdefs.optional.junit.SummaryJUnitResultFormatter showoutput=false outputtoformatters=true logfailedtests=true logtestlistenerevents=false formatter=org.apache.tools.ant.taskdefs.optional.junit.XMLJUnitResultFormatter,D:\workspace\JenkinsJunit-master\testreport\TEST-com.home.junit.CalculatorTest.xml crashfile=D:\workspace\JenkinsJunit-master\junitvmwatcher84318550467281418.properties propsfile=D:\workspace\JenkinsJunit-master\junit5250809293872126176.properties" />
    <property name="java.class.path" value="D:\workspace\JenkinsJunit-master\lib\junit-4.12.jar;D:\workspace\JenkinsJunit-master\lib\hamcrest-core-1.3.jar;D:\workspace\JenkinsJunit-master\bin;D:\workspace\JenkinsJunit-master\bin\tests;C:\Eclipse - Luna\plugins\org.apache.ant_1.9.2.v201404171502\lib\ant-launcher.jar;C:\Eclipse - Luna\plugins\org.apache.ant_1.9.2.v201404171502\lib\ant.jar;C:\Eclipse - Luna\plugins\org.apache.ant_1.9.2.v201404171502\lib\ant-junit.jar;C:\Eclipse - Luna\plugins\org.apache.ant_1.9.2.v201404171502\lib\ant-junit4.jar" />
    <property name="ant.version" value="Apache Ant(TM) version 1.9.2 compiled on July 8 2013" />
    <property name="java.vm.specification.name" value="Java Virtual Machine Specification" />
    <property name="java.vm.specification.version" value="1.8" />
    <property name="sun.cpu.endian" value="little" />
    <property name="sun.os.patch.level" value="" />
    <property name="eclipse.pdebuild.home" value="/C:/Eclipse - Luna/plugins/org.eclipse.pde.build_3.9.0.v20140415-2029/./" />
    <property name="java.io.tmpdir" value="C:\Users\THALYS~1\AppData\Local\Temp\" />
    <property name="java.vendor.url.bug" value="http://bugreport.sun.com/bugreport/" />
    <property name="os.arch" value="amd64" />
    <property name="java.awt.graphicsenv" value="sun.awt.Win32GraphicsEnvironment" />
    <property name="java.ext.dirs" value="C:\Program Files\Java\jre1.8.0_121\lib\ext;C:\WINDOWS\Sun\Java\lib\ext" />
    <property name="user.dir" value="D:\workspace\JenkinsJunit-master" />
    <property name="build.test.dir" value="D:\workspace\JenkinsJunit-master\bin\tests" />
    <property name="line.separator" value="&#xd;&#xa;" />
    <property name="java.vm.name" value="Java HotSpot(TM) 64-Bit Server VM" />
    <property name="basedir" value="D:\workspace\JenkinsJunit-master" />
    <property name="ant.java.version" value="1.8" />
    <property name="ant.core.lib" value="C:\Eclipse - Luna\plugins\org.apache.ant_1.9.2.v201404171502\lib\ant.jar" />
    <property name="file.encoding" value="Cp1252" />
    <property name="java.specification.version" value="1.8" />
    <property name="src.dir" value="D:\workspace\JenkinsJunit-master\src" />
    <property name="ant.project.invoked-targets" value="main" />
  </properties>
  <testcase classname="com.home.junit.CalculatorTest" name="evaluatesExpression" time="0.002" />
  <system-out><![CDATA[]]></system-out>
  <system-err><![CDATA[]]></system-err>
</testsuite>
